\BOOKMARK [0][-]{Doc-Start}{ABSTRAK}{}% 1
\BOOKMARK [0][-]{Doc-Start}{ABSTRACT}{}% 2
\BOOKMARK [0][-]{chapter*.1}{Kata\040Pengantar}{}% 3
\BOOKMARK [0][-]{chapter*.3}{DAFTAR\040ISI}{}% 4
\BOOKMARK [0][-]{chapter*.4}{DAFTAR\040TABEL}{}% 5
\BOOKMARK [0][-]{chapter*.5}{DAFTAR\040GAMBAR}{}% 6
\BOOKMARK [0][-]{chapter*.6}{DAFTAR\040KODE\040SUMBER}{}% 7
\BOOKMARK [0][-]{chapter.1}{PENDAHULUAN}{}% 8
\BOOKMARK [1][-]{section.1.1}{Latar\040Belakang}{chapter.1}% 9
\BOOKMARK [1][-]{section.1.2}{Rumusan\040Masalah}{chapter.1}% 10
\BOOKMARK [1][-]{section.1.3}{Batasan\040Masalah}{chapter.1}% 11
\BOOKMARK [1][-]{section.1.4}{Tujuan}{chapter.1}% 12
\BOOKMARK [1][-]{section.1.5}{Manfaat}{chapter.1}% 13
\BOOKMARK [1][-]{section.1.6}{Metodologi}{chapter.1}% 14
\BOOKMARK [2][-]{subsection.1.6.1}{Studi\040literatur}{section.1.6}% 15
\BOOKMARK [2][-]{subsection.1.6.2}{Desain\040dan\040Perancangan\040Sistem}{section.1.6}% 16
\BOOKMARK [2][-]{subsection.1.6.3}{Implementasi\040Sistem}{section.1.6}% 17
\BOOKMARK [2][-]{subsection.1.6.4}{Uji\040Coba\040dan\040Evaluasi}{section.1.6}% 18
\BOOKMARK [1][-]{section.1.7}{Sistematika\040Laporan}{chapter.1}% 19
\BOOKMARK [0][-]{chapter.2}{TINJAUAN\040PUSTAKA}{}% 20
\BOOKMARK [1][-]{section.2.1}{Python}{chapter.2}% 21
\BOOKMARK [1][-]{section.2.2}{Flask}{chapter.2}% 22
\BOOKMARK [1][-]{section.2.3}{Nginx}{chapter.2}% 23
\BOOKMARK [1][-]{section.2.4}{Iptables}{chapter.2}% 24
\BOOKMARK [1][-]{section.2.5}{MySQL}{chapter.2}% 25
\BOOKMARK [1][-]{section.2.6}{Mitmproxy}{chapter.2}% 26
\BOOKMARK [1][-]{section.2.7}{VirtualBox}{chapter.2}% 27
\BOOKMARK [1][-]{section.2.8}{Docker}{chapter.2}% 28
\BOOKMARK [2][-]{subsection.2.8.1}{Docker\040Container}{section.2.8}% 29
\BOOKMARK [2][-]{subsection.2.8.2}{Docker\040Images}{section.2.8}% 30
\BOOKMARK [2][-]{subsection.2.8.3}{Docker\040Registry}{section.2.8}% 31
\BOOKMARK [0][-]{chapter.3}{DESAIN\040DAN\040PERANCANGAN}{}% 32
\BOOKMARK [1][-]{section.3.1}{Deskripsi\040Umum\040Sistem}{chapter.3}% 33
\BOOKMARK [1][-]{section.3.2}{Kasus\040Penggunaan}{chapter.3}% 34
\BOOKMARK [1][-]{section.3.3}{Arsitektur\040Sistem}{chapter.3}% 35
\BOOKMARK [2][-]{subsection.3.3.1}{Desain\040Umum\040Sistem}{section.3.3}% 36
\BOOKMARK [2][-]{subsection.3.3.2}{Pembuatan\040Halaman\040Login\040dari\040Sebuah\040Sistem.}{section.3.3}% 37
\BOOKMARK [3][-]{subsubsection.3.3.2.1}{Desain\040Basis\040Data}{subsection.3.3.2}% 38
\BOOKMARK [3][-]{subsubsection.3.3.2.2}{Desain\040Web\040Service}{subsection.3.3.2}% 39
\BOOKMARK [2][-]{subsection.3.3.3}{Perancangan\040Pembuatan\040Aturan\040untuk\040Mengarahkan\040Traffic\040Client\040ke\040Halaman\040Login\040dari\040Sistem}{section.3.3}% 40
\BOOKMARK [2][-]{subsection.3.3.4}{Pembuatan\040Middleware\040untuk\040Menerima\040Permintaan\040dari\040Client}{section.3.3}% 41
\BOOKMARK [3][-]{subsubsection.3.3.4.1}{Desain\040Basis\040Data}{subsection.3.3.4}% 42
\BOOKMARK [3][-]{subsubsection.3.3.4.2}{Desain\040Web\040Service}{subsection.3.3.4}% 43
\BOOKMARK [2][-]{subsection.3.3.5}{Perancangan\040Pemasangan\040Kontainer\040pada\040Docker\040Host}{section.3.3}% 44
\BOOKMARK [2][-]{subsection.3.3.6}{Pembuatan\040Aturan\040untuk\040Mengarahkan\040Traffic\040Client\040ke\040Kontainer\040Docker\040dari\040Tiap-Tiap\040Client}{section.3.3}% 45
\BOOKMARK [2][-]{subsection.3.3.7}{Pembuatan\040Halaman\040Administrator\040untuk\040Membaca\040Log\040File\040dari\040Client}{section.3.3}% 46
\BOOKMARK [2][-]{subsection.3.3.8}{Pembuatan\040Schedule\040pada\040Docker\040Host}{section.3.3}% 47
\BOOKMARK [0][-]{chapter.4}{IMPLEMENTASI}{}% 48
\BOOKMARK [1][-]{section.4.1}{Lingkungan\040Implementasi}{chapter.4}% 49
\BOOKMARK [2][-]{subsection.4.1.1}{Perangkat\040Keras}{section.4.1}% 50
\BOOKMARK [2][-]{subsection.4.1.2}{Perangkat\040Lunak}{section.4.1}% 51
\BOOKMARK [1][-]{section.4.2}{Implementasi\040Pembuatan\040Halaman\040Login\040dari\040Sebuah\040Sistem}{chapter.4}% 52
\BOOKMARK [2][-]{subsection.4.2.1}{Implementasi\040Web\040Service\040pada\040Halaman\040Login}{section.4.2}% 53
\BOOKMARK [3][-]{subsubsection.4.2.1.1}{Implementasi\040Tampilan\040Antarmuka\040Halaman\040Login}{subsection.4.2.1}% 54
\BOOKMARK [3][-]{subsubsection.4.2.1.2}{Rute\040Web\040Service\040pada\040Halaman\040Login}{subsection.4.2.1}% 55
\BOOKMARK [3][-]{subsubsection.4.2.1.3}{Pseduocode\040Web\040Service\040pada\040Halaman\040Login}{subsection.4.2.1}% 56
\BOOKMARK [2][-]{subsection.4.2.2}{Implementasi\040Basis\040Data\040pada\040Halaman\040Login}{section.4.2}% 57
\BOOKMARK [1][-]{section.4.3}{Implementasi\040Pembuatan\040Aturan\040untuk\040Mengarahkan\040Traffic\040Client\040ke\040Halaman\040Login\040dari\040Sistem}{chapter.4}% 58
\BOOKMARK [1][-]{section.4.4}{Implementasi\040Pembuatan\040Middleware}{chapter.4}% 59
\BOOKMARK [2][-]{subsection.4.4.1}{Implementasi\040Web\040Service\040pada\040Middleware}{section.4.4}% 60
\BOOKMARK [3][-]{subsubsection.4.4.1.1}{Rute\040Web\040Service\040pada\040Middleware}{subsection.4.4.1}% 61
\BOOKMARK [3][-]{subsubsection.4.4.1.2}{Pseduocode\040Web\040Service\040pada\040Middleware}{subsection.4.4.1}% 62
\BOOKMARK [2][-]{subsection.4.4.2}{Implementasi\040Basis\040Data\040pada\040Middleware}{section.4.4}% 63
\BOOKMARK [1][-]{section.4.5}{Implementasi\040Pemasangan\040Kontainer\040Docker\040pada\040Docker\040Host}{chapter.4}% 64
\BOOKMARK [2][-]{subsection.4.5.1}{Menambahkan\040dan\040Memperbarui\040Kontainer\040Docker\040yang\040Berisikan\040Mitmproxy}{section.4.5}% 65
\BOOKMARK [2][-]{subsection.4.5.2}{Menggunakan\040Image\040Kontainer\040Docker\040yang\040Sudah\040Dibuat}{section.4.5}% 66
\BOOKMARK [1][-]{section.4.6}{Implementasi\040Pembuatan\040Aturan\040untuk\040Mengarahkan\040Traffic\040Client\040ke\040Kontainer\040Docker\040dari\040Tiap-Tiap\040Client}{chapter.4}% 67
\BOOKMARK [1][-]{section.4.7}{Implementasi\040Pembuatan\040Halaman\040Administrator}{chapter.4}% 68
\BOOKMARK [2][-]{subsection.4.7.1}{Rute\040Web\040Service\040pada\040Halaman\040Administrator}{section.4.7}% 69
\BOOKMARK [2][-]{subsection.4.7.2}{Implementasi\040Pembacaan\040Log\040File\040dari\040Client}{section.4.7}% 70
\BOOKMARK [2][-]{subsection.4.7.3}{Implementasi\040Antarmuka\040Halaman\040Administrator}{section.4.7}% 71
\BOOKMARK [0][-]{chapter.5}{PENGUJIAN\040DAN\040EVALUASI}{}% 72
\BOOKMARK [1][-]{section.5.1}{Lingkungan\040Uji\040Coba}{chapter.5}% 73
\BOOKMARK [1][-]{section.5.2}{Skenario\040Uji\040Coba}{chapter.5}% 74
\BOOKMARK [2][-]{subsection.5.2.1}{Skenario\040Uji\040Coba\040Fungsionalitas}{section.5.2}% 75
\BOOKMARK [3][-]{subsubsection.5.2.1.1}{Uji\040client\040dapat\040Mengakses\040Internet}{subsection.5.2.1}% 76
\BOOKMARK [4][-]{paragraph.5.2.1.1.1}{Uji\040Client\040dapat\040Login\040ke\040Dalam\040Sistem}{subsubsection.5.2.1.1}% 77
\BOOKMARK [4][-]{paragraph.5.2.1.1.2}{Uji\040Client\040dapat\040Mengirimkan\040Permintaan\040Penyediaan\040Kontainer\040Docker\040ke\040Docker\040Host}{subsubsection.5.2.1.1}% 78
\BOOKMARK [4][-]{paragraph.5.2.1.1.3}{Uji\040Docker\040Host\040dapat\040Menerima\040Permintaan\040Penyediaan\040Kontainer\040Docker}{subsubsection.5.2.1.1}% 79
\BOOKMARK [3][-]{subsubsection.5.2.1.2}{Uji\040Fungsionalitas\040Menu\040Aplikasi\040Halaman\040Administrator}{subsection.5.2.1}% 80
\BOOKMARK [3][-]{subsubsection.5.2.1.3}{Uji\040Fungsionalitas\040Schedule\040pada\040Docker\040Host}{subsection.5.2.1}% 81
\BOOKMARK [2][-]{subsection.5.2.2}{Skenario\040Uji\040Coba\040Performa}{section.5.2}% 82
\BOOKMARK [3][-]{subsubsection.5.2.2.1}{Uji\040Performa\040Penggunaan\040Memory}{subsection.5.2.2}% 83
\BOOKMARK [3][-]{subsubsection.5.2.2.2}{Uji\040Performa\040Penggunaan\040CPU}{subsection.5.2.2}% 84
\BOOKMARK [3][-]{subsubsection.5.2.2.3}{Uji\040Performa\040Kecepatan\040Menangani\040Request}{subsection.5.2.2}% 85
\BOOKMARK [3][-]{subsubsection.5.2.2.4}{Uji\040Performa\040Keberhasilan\040Request}{subsection.5.2.2}% 86
\BOOKMARK [1][-]{section.5.3}{Hasil\040Uji\040Coba\040dan\040Evaluasi}{chapter.5}% 87
\BOOKMARK [2][-]{subsection.5.3.1}{Uji\040Fungsionalitas}{section.5.3}% 88
\BOOKMARK [3][-]{subsubsection.5.3.1.1}{Uji\040Client\040dapat\040Mengakses\040Internet}{subsection.5.3.1}% 89
\BOOKMARK [4][-]{paragraph.5.3.1.1.1}{Uji\040Client\040dapat\040Login\040ke\040Dalam\040Sistem}{subsubsection.5.3.1.1}% 90
\BOOKMARK [4][-]{paragraph.5.3.1.1.2}{Uji\040Client\040dapat\040Mengirimkan\040Permintaan\040Penyediaan\040Kontainer\040Docker\040ke\040Docker\040Host}{subsubsection.5.3.1.1}% 91
\BOOKMARK [4][-]{paragraph.5.3.1.1.3}{Uji\040Docker\040Host\040dapat\040Menerima\040Permintaan\040Penyediaan\040Kontainer\040Docker}{subsubsection.5.3.1.1}% 92
\BOOKMARK [3][-]{subsubsection.5.3.1.2}{Uji\040Fungsionalitas\040Menu\040Aplikasi\040Halaman\040Administrator}{subsection.5.3.1}% 93
\BOOKMARK [3][-]{subsubsection.5.3.1.3}{Uji\040Fungsionalitas\040Schedule\040pada\040Docker\040Host}{subsection.5.3.1}% 94
\BOOKMARK [2][-]{subsection.5.3.2}{Hasil\040Uji\040Performa}{section.5.3}% 95
\BOOKMARK [3][-]{subsubsection.5.3.2.1}{Penggunaan\040Memory}{subsection.5.3.2}% 96
\BOOKMARK [3][-]{subsubsection.5.3.2.2}{Penggunaan\040CPU}{subsection.5.3.2}% 97
\BOOKMARK [3][-]{subsubsection.5.3.2.3}{Kecepatan\040Menangani\040Request}{subsection.5.3.2}% 98
\BOOKMARK [3][-]{subsubsection.5.3.2.4}{Keberhasilan\040Request}{subsection.5.3.2}% 99
\BOOKMARK [1][-]{section.5.4}{Hasil\040Uji\040Coba\040dan\040Evaluasi}{chapter.5}% 100
\BOOKMARK [2][-]{subsection.5.4.1}{Hasil\040Uji\040Performa}{section.5.4}% 101
\BOOKMARK [3][-]{subsubsection.5.4.1.1}{Kecepatan\040Menangani\040Request}{subsection.5.4.1}% 102
\BOOKMARK [3][-]{subsubsection.5.4.1.2}{Penggunaan\040CPU}{subsection.5.4.1}% 103
\BOOKMARK [3][-]{subsubsection.5.4.1.3}{Penggunaan\040Memory}{subsection.5.4.1}% 104
\BOOKMARK [3][-]{subsubsection.5.4.1.4}{Keberhasilan\040Request}{subsection.5.4.1}% 105
\BOOKMARK [0][-]{chapter.6}{PENUTUP}{}% 106
\BOOKMARK [1][-]{section.6.1}{Kesimpulan}{chapter.6}% 107
\BOOKMARK [1][-]{section.6.2}{Saran}{chapter.6}% 108
\BOOKMARK [0][-]{chapter*.29}{DAFTAR\040PUSTAKA}{}% 109
\BOOKMARK [0][-]{appendix.A}{INSTALASI\040PERANGKAT\040LUNAK}{}% 110
\BOOKMARK [0][-]{appendix.B}{Konfigurasi}{}% 111
\BOOKMARK [0][-]{appendix*.30}{BIODATA\040PENULIS}{}% 112
